[2025-04-06 00:03:31]
Категория: Фастфуд
Сумма: 2454.94 руб.
Период: 06.01.2025 - 06.04.2025
----------------------------------------
[2025-04-06 08:04:52]
Категория: Еда
Сумма: 0.00 руб.
Период: 06.01.2025 - 06.04.2025
----------------------------------------
[2025-04-06 08:04:52]
Категория: Еда
Сумма: 500.00 руб.
Период: 03.11.2022 - 01.02.2023
----------------------------------------
[2025-04-06 08:04:52]
Категория: Еда
Сумма: 0.00 руб.
Период: 06.01.2025 - 06.04.2025
----------------------------------------
[2025-04-06 08:06:37]
Категория: Еда
Сумма: 0.00 руб.
Период: 06.01.2025 - 06.04.2025
----------------------------------------
[2025-04-06 08:06:37]
Категория: Еда
Сумма: 500.00 руб.
Период: 03.11.2022 - 01.02.2023
----------------------------------------
[2025-04-06 08:07:58]
Категория: Еда
Сумма: 0.00 руб.
Период: 06.01.2025 - 06.04.2025
----------------------------------------
[2025-04-06 08:07:58]
Категория: Еда
Сумма: 500.00 руб.
Период: 03.11.2022 - 01.02.2023
----------------------------------------
[2025-04-06 08:09:01]
Категория: Еда
Сумма: 0.00 руб.
Период: 06.01.2025 - 06.04.2025
----------------------------------------
[2025-04-06 08:09:01]
Категория: Еда
Сумма: 500.00 руб.
Период: 03.11.2022 - 01.02.2023
----------------------------------------
[2025-04-06 08:09:20]
Категория: Еда
Сумма: 0.00 руб.
Период: 06.01.2025 - 06.04.2025
----------------------------------------
[2025-04-06 08:09:20]
Категория: Еда
Сумма: 500.00 руб.
Период: 03.11.2022 - 01.02.2023
----------------------------------------
[2025-04-06 08:10:37]
Категория: Еда
Сумма: 0.00 руб.
Период: 06.01.2025 - 06.04.2025
----------------------------------------
[2025-04-06 08:10:37]
Категория: Еда
Сумма: 500.00 руб.
Период: 03.11.2022 - 01.02.2023
----------------------------------------
[2025-04-06 08:13:00]
Категория: Еда
Сумма: 0.00 руб.
Период: 06.01.2025 - 06.04.2025
----------------------------------------
[2025-04-06 08:15:16]
Категория: Еда
Сумма: 300.00 руб.
Период: 03.11.2023 - 01.02.2024
----------------------------------------
[2025-04-06 08:17:12]
Категория: Еда
Сумма: 300.00 руб.
Период: 03.11.2023 - 01.02.2024
----------------------------------------
[2025-04-06 08:18:44]
Категория: Еда
Сумма: 300.00 руб.
Период: 03.11.2023 - 01.02.2024
----------------------------------------
[2025-04-06 08:19:22]
Категория: Еда
Сумма: 300.00 руб.
Период: 03.11.2023 - 01.02.2024
----------------------------------------
[2025-04-06 08:19:56]
Категория: Еда
Сумма: 300.00 руб.
Период: 03.11.2023 - 01.02.2024
----------------------------------------
[2025-04-06 08:20:36]
Категория: Еда
Сумма: 300.00 руб.
Период: 03.11.2023 - 01.02.2024
----------------------------------------
[2025-04-06 08:21:03]
Категория: Еда
Сумма: 300.00 руб.
Период: 03.11.2023 - 01.02.2024
----------------------------------------
[2025-04-06 08:21:14]
Категория: Еда
Сумма: 300.00 руб.
Период: 03.11.2023 - 01.02.2024
----------------------------------------
[2025-04-06 08:21:53]
Категория: Еда
Сумма: 300.00 руб.
Период: 03.11.2023 - 01.02.2024
----------------------------------------
[2025-04-06 08:22:13]
Категория: Еда
Сумма: 300.00 руб.
Период: 03.11.2023 - 01.02.2024
----------------------------------------
[2025-04-06 08:22:36]
Категория: Еда
Сумма: 300.00 руб.
Период: 03.11.2023 - 01.02.2024
----------------------------------------
